1553847266317	mozrunner::runner	INFO	Running command: "D:\\software\\firefox\\firefox.exe" "-marionette" "-foreground" "-no-remote" "-profile" "C:\\Users\\lenovo\\AppData\\Local\\Temp\\rust_mozprofile.wdYopm6enow2"
1553847267631	addons.webextension.screenshots@mozilla.org	WARN	Loading extension 'screenshots@mozilla.org': Reading manifest: Invalid host permission: resource://pdf.js/
1553847267631	addons.webextension.screenshots@mozilla.org	WARN	Loading extension 'screenshots@mozilla.org': Reading manifest: Invalid host permission: about:reader*
1553847270431	Marionette	INFO	Listening on port 58763
1553847270822	Marionette	WARN	TLS certificate errors will be ignored for this session
JavaScript error: http://shop.shan666.com/static/js/My97DatePicker/My97DatePicker.htm, line 27: ReferenceError: langList is not defined
JavaScript error: http://shop.shan666.com/static/js/My97DatePicker/My97DatePicker.htm, line 56: ReferenceError: My97DP is not defined
[Child 7448, Chrome_ChildThread] WARNING: pipe error: 109: file z:/build/build/src/ipc/chromium/src/chrome/common/ipc_channel_win.cc, line 332
[Child 10480, Chrome_ChildThread] WARNING: pipe error: 109: file z:/build/build/src/ipc/chromium/src/chrome/common/ipc_channel_win.cc, line 332
[Child 10480, Chrome_ChildThread] WARNING: pipe error: 109: file z:/build/build/src/ipc/chromium/src/chrome/common/ipc_channel_win.cc, line 332
[Parent 14532, Gecko_IOThread] WARNING: pipe error: 109: file z:/build/build/src/ipc/chromium/src/chrome/common/ipc_channel_win.cc, line 332
[Child 16724, Chrome_ChildThread] WARNING: pipe error: 109: file z:/build/build/src/ipc/chromium/src/chrome/common/ipc_channel_win.cc, line 332
[Child 16724, Chrome_ChildThread] WARNING: pipe error: 1091553847283100	Marionette	INFO	Stopped listening on port 58763

###!!! [Child][RunMessage] Error: Channel closing: too late to send/recv, messages will be lost

[GPU 13820, Chrom
###!!! [Child][MessageChannel::SendAndWait] Error: Channel error: cannot send/recv

1553847335339	mozrunner::runner	INFO	Running command: "D:\\software\\firefox\\firefox.exe" "-marionette" "-foreground" "-no-remote" "-profile" "C:\\Users\\lenovo\\AppData\\Local\\Temp\\rust_mozprofile.UVMTr8taNKO1"
1553847336012	addons.webextension.screenshots@mozilla.org	WARN	Loading extension 'screenshots@mozilla.org': Reading manifest: Invalid host permission: resource://pdf.js/
1553847336012	addons.webextension.screenshots@mozilla.org	WARN	Loading extension 'screenshots@mozilla.org': Reading manifest: Invalid host permission: about:reader*
1553847338135	Marionette	INFO	Listening on port 58915
1553847338236	Marionette	WARN	TLS certificate errors will be ignored for this session
JavaScript error: http://shop.shan666.com/static/js/My97DatePicker/My97DatePicker.htm, line 27: ReferenceError: langList is not defined
JavaScript error: http://shop.shan666.com/static/js/My97DatePicker/calendar.js line 5 > eval, line 1: ReferenceError: $lang is not defined
1553847349390	Marionette	WARN	TimedPromise timed out after 500 ms: stacktrace:
bail@chrome://marionette/content/sync.js:196:64
send@http://shop.shan666.com/static/js/jQuery/core.js?v=8047890:7876:6
ajax@http://shop.shan666.com/static/js/jQuery/core.js?v=8047890:7354:5
@http://shop.shan666.com/static/fbs/js/taoGoods/addCategory.js?v=8047890:80:9
handle@http://shop.shan666.com/static/js/jQuery/core.js?v=8047890:2972:15
eventHandle@http://shop.shan666.com/static/js/jQuery/core.js?v=8047890:2606:6
event.synthesizeMouseAtPoint@chrome://marionette/content/event.js:202:5
webdriverClickElement@chrome://marionette/content/interaction.js:183:5
[Child 14724, Chrome_ChildThread] WARNING: pipe error: 109: file z:/build/build/src/ipc/chromium/src/chrome/common/ipc_channel_win.cc, line 332
[Child 8604, Chrome_ChildThread] WARNING: pipe error: 109: file z:/build/build/src/ipc/chromium/src/chrome/common/ipc_channel_win.cc, line 332
[Child 8604, Chrome_ChildThread] WARNING: pipe error: 109: file z:/build/build/src/ipc/chromium/src/chrome/common/ipc_channel_win.cc, line 332
[Parent 14144, Gecko_IOThread] WARNING: file z:/build/build/src/ipc/chromium/src/base/process_util_win.cc, line 166
1553847439386	Marionette	INFO	Stopped listening on port 58915

###!!! [Child][RunMessage] Error: Channel closing: too late to send/recv, messages will be lost

[GPU 17340, Chrome_Ch1553847444026	mozrunner::runner	INFO	Running command: "D:\\software\\firefox\\firefox.exe" "-marionette" "-foreground" "-no-remote" "-profile" "C:\\Users\\lenovo\\AppData\\Local\\Temp\\rust_mozprofile.eFa4MKM1yLHm"
1553847444586	addons.webextension.screenshots@mozilla.org	WARN	Loading extension 'screenshots@mozilla.org': Reading manifest: Invalid host permission: resource://pdf.js/
1553847444586	addons.webextension.screenshots@mozilla.org	WARN	Loading extension 'screenshots@mozilla.org': Reading manifest: Invalid host permission: about:reader*
1553847446452	Marionette	INFO	Listening on port 59189
1553847446755	Marionette	WARN	TLS certificate errors will be ignored for this session
1553847463019	Marionette	WARN	TimedPromise timed out after 500 ms: stacktrace:
bail@chrome://marionette/content/sync.js:196:64
send@http://shop.shan666.com/static/js/jQuery/core.js?v=4248764:7876:6
ajax@http://shop.shan666.com/static/js/jQuery/core.js?v=4248764:7354:5
@http://shop.shan666.com/static/fbs/js/taoGoods/addCategory.js?v=4248764:80:9
handle@http://shop.shan666.com/static/js/jQuery/core.js?v=4248764:2972:15
eventHandle@http://shop.shan666.com/static/js/jQuery/core.js?v=4248764:2606:6
event.synthesizeMouseAtPoint@chrome://marionette/content/event.js:202:5
webdriverClickElement@chrome://marionette/content/interaction.js:183:5
console.error: BroadcastService: 
  receivedBroadcastMessage: handler for
  remote-settings/monitor_changes
  threw error:
  Message: Error: Polling for changes failed: NetworkError when attempting to fetch resource..
  Stack:
    remoteSettingsFunction/remoteSettings.pollChanges@resource://services-settings/remote-settings.js:188:13

[Parent 17140, Gecko_IOThread] WARNING: pipe error: 109: file z:/build/build/src/ipc/chromium/src/chrome/common/ipc_channel_win.cc, line 332
[Child 11468, Chrome_ChildThread] WARNING: pipe error: 109: file z:/build/build/src/ipc/chromium/src/chrome/common/ipc_channel_win.cc, line 332
[Child 11468, Chrome_ChildThread] WARNING: pipe error: 109: file z:/build/build/src/ipc/chromium/src/chrome/common/ipc_channel_win.cc, line 332
[Parent 17140, Gecko_IOThread] WARNING: pipe error: 109: file z:/build/build/src/ipc/chromium/src/chrome/common/ipc_channel_win.cc, line 332
[Child 13892, Chrome_ChildThread] WARNING: pipe error: 109: file z:/build/build/src/ipc/chromium/src/chrome/common/ipc_channel_win.cc, line 332
[Child 13892, Chrome_ChildThread] WARNING: pipe error: 109: file z:/build/build/src/ipc/chromium/src/chrome/common/ipc_channel_win.cc, line 332
[Parent 17140, Gecko_IOThread] WARNING: pipe error: 109: file z:/build/build/src/ipc/chromium/src/chrome/common/ipc_channel_win.cc, line 332
[Child 13724, Chrome_ChildThread] WARNING: pipe error: 109: file z:/build/build/src/ipc/chromium/src/chrome/common/ipc_channel_win.cc, line 332
[Child 13724, Chrome_ChildThread] WARNING: pipe error: 109: file z:/build/build/src/ipc/chromium/src/chrome/common/ipc_channel_win.cc, line 332
1553847549389	Marionette	INFO	Stopped listening on port 59189

###!!! [Child][RunMessage] Error: Channel closing: too late to send/recv, messages will be lost

[GPU 7424, Chrome_ChildThread] WARNING: pipe er
###!!! [Child][MessageChannel::SendAndWait] Error: Channel error: cannot send/recv

1553847554008	mozrunner::runner	INFO	Running command: "D:\\software\\firefox\\firefox.exe" "-marionette" "-foreground" "-no-remote" "-profile" "C:\\Users\\lenovo\\AppData\\Local\\Temp\\rust_mozprofile.q3heWLlnlm8a"
1553847554661	addons.webextension.screenshots@mozilla.org	WARN	Loading extension 'screenshots@mozilla.org': Reading manifest: Invalid host permission: resource://pdf.js/
1553847554661	addons.webextension.screenshots@mozilla.org	WARN	Loading extension 'screenshots@mozilla.org': Reading manifest: Invalid host permission: about:reader*
1553847556841	Marionette	INFO	Listening on port 59476
1553847557295	Marionette	WARN	TLS certificate errors will be ignored for this session
1553847580075	Marionette	WARN	TimedPromise timed out after 500 ms: stacktrace:
bail@chrome://marionette/content/sync.js:196:64
send@http://shop.shan666.com/static/js/jQuery/core.js?v=7750989:7876:6
ajax@http://shop.shan666.com/static/js/jQuery/core.js?v=7750989:7354:5
@http://shop.shan666.com/static/fbs/js/taoGoods/addCategory.js?v=7750989:80:9
handle@http://shop.shan666.com/static/js/jQuery/core.js?v=7750989:2972:15
eventHandle@http://shop.shan666.com/static/js/jQuery/core.js?v=7750989:2606:6
event.synthesizeMouseAtPoint@chrome://marionette/content/event.js:202:5
webdriverClickElement@chrome://marionette/content/interaction.js:183:5
[Child 14632, Chrome_ChildThread] WARNING: pipe error: 109: file z:/build/build/src/ipc/chromium/src/chrome/common/ipc_channel_win.cc, line 332
[Child 14632, Chrome_ChildThread] WARNING: pipe error: 109: file z:/build/build/src/ipc/chromium/src/chrome/common/ipc_channel_win.cc, line 332
[Child 11916, Chrome_ChildThread] WARNING: pipe error: 109: file z:/build/build/src/ipc/chromium/src/chrome/common/ipc_channel_win.cc, line 332
[Child 11916, Chrome_ChildThread] WARNING: pipe error: 109: file z:/build/build/src/ipc/chromium/src/chrome/common/ipc_channel_win.cc, line 332
[Parent 8940, Gecko_IOThread] WARNING: pipe error: 109: file z:/build/build/src/ipc/chromium/src/chrome/common/ipc_channel_win.cc, line 332
[Child 8004, Chrome_ChildThread] WARNING: pipe error: 109: file z:/build/build/src/ipc/chromium/src/chrome/common/ipc_channel_win.cc, line 332
1553847611799	Marionette	INFO	Stopped listening on port 59476
[GPU JavaScript error: resource://gre/modules/osfile/osfile_async_front.jsm, line 425: Error: OS.File has been shut down. Rejecting request to stat
